-------------------------------------------------------------------------------
Test set: aula_inatel.sw.SwRunner
-------------------------------------------------------------------------------
Tests run: 1, Failures: 0, Errors: 1, Skipped: 0, Time elapsed: 1.202 s <<< FAILURE! - in aula_inatel.sw.SwRunner
testStarWars  Time elapsed: 1.197 s  <<< ERROR!
java.lang.RuntimeException: not found: aula_inatel/sw/sw.feature

